{"timestamp": "2025-09-10T19:58:12.224888", "level": "INFO", "logger": "poi_expansion", "message": "POI Expansion Orchestrator initialized", "module": "logger", "function": "info", "line": 96, "environment": "production"}
{"timestamp": "2025-09-10T19:58:12.225887", "level": "INFO", "logger": "poi_expansion", "message": "Starting system initialization...", "module": "logger", "function": "info", "line": 96}
{"timestamp": "2025-09-10T19:58:12.226888", "level": "ERROR", "logger": "poi_expansion", "message": "Current POI data validation failed", "module": "logger", "function": "error", "line": 106, "errors": ["POI beach_001: Missing required field: nameEn", "POI beach_001: Missing required field: openHours", "POI beach_001: Missing required field: estimatedTime", "POI bridge_001: Missing required field: nameEn", "POI bridge_001: Missing required field: openHours", "POI bridge_001: Missing required field: estimatedTime", "POI activity_001: Missing required field: nameEn", "POI activity_001: Missing required field: openHours", "POI activity_001: Missing required field: estimatedTime", "POI restaurant_001: Missing required field: nameEn", "POI restaurant_001: Missing required field: openHours", "POI restaurant_001: Missing required field: estimatedTime", "POI nature_001: Missing required field: nameEn", "POI nature_001: Missing required field: openHours", "POI nature_001: Missing required field: estimatedTime", "POI shopping_001: Missing required field: nameEn", "POI shopping_001: Missing required field: openHours", "POI shopping_001: Missing required field: estimatedTime", "POI beach_002: Missing required field: nameEn", "POI beach_002: Missing required field: openHours", "POI beach_002: Missing required field: estimatedTime", "POI culture_001: Missing required field: nameEn", "POI culture_001: Missing required field: openHours", "POI culture_001: Missing required field: estimatedTime"]}
{"timestamp": "2025-09-10T19:59:14.525459", "level": "INFO", "logger": "poi_expansion", "message": "POI Expansion Orchestrator initialized", "module": "logger", "function": "info", "line": 96, "environment": "production"}
{"timestamp": "2025-09-10T19:59:14.526459", "level": "INFO", "logger": "poi_expansion", "message": "Starting system initialization...", "module": "logger", "function": "info", "line": 96}
{"timestamp": "2025-09-10T19:59:14.527459", "level": "INFO", "logger": "poi_expansion", "message": "Current POI data validated: 8 POIs", "module": "logger", "function": "info", "line": 96}
{"timestamp": "2025-09-10T19:59:14.529459", "level": "INFO", "logger": "poi_expansion", "message": "Backup system verified", "module": "logger", "function": "info", "line": 96, "backup_id": "20250910_195914"}
{"timestamp": "2025-09-10T19:59:14.529459", "level": "INFO", "logger": "poi_expansion", "message": "Performance: system_initialization", "module": "logger", "function": "info", "line": 96, "operation": "system_initialization", "duration_ms": 2.9997825622558594}
{"timestamp": "2025-09-10T19:59:14.529459", "level": "INFO", "logger": "poi_expansion", "message": "System initialization completed successfully", "module": "logger", "function": "info", "line": 96}
{"timestamp": "2025-09-10T19:59:19.272718", "level": "INFO", "logger": "poi_expansion", "message": "POI Expansion Orchestrator initialized", "module": "logger", "function": "info", "line": 96, "environment": "production"}
{"timestamp": "2025-09-10T19:59:19.273718", "level": "INFO", "logger": "poi_expansion", "message": "Starting system initialization...", "module": "logger", "function": "info", "line": 96}
{"timestamp": "2025-09-10T19:59:19.274718", "level": "INFO", "logger": "poi_expansion", "message": "Current POI data validated: 8 POIs", "module": "logger", "function": "info", "line": 96}
{"timestamp": "2025-09-10T19:59:19.276718", "level": "INFO", "logger": "poi_expansion", "message": "Backup system verified", "module": "logger", "function": "info", "line": 96, "backup_id": "20250910_195919"}
{"timestamp": "2025-09-10T19:59:19.276718", "level": "INFO", "logger": "poi_expansion", "message": "Performance: system_initialization", "module": "logger", "function": "info", "line": 96, "operation": "system_initialization", "duration_ms": 3.0002593994140625}
{"timestamp": "2025-09-10T19:59:19.276718", "level": "INFO", "logger": "poi_expansion", "message": "System initialization completed successfully", "module": "logger", "function": "info", "line": 96}
{"timestamp": "2025-09-10T19:59:23.795444", "level": "INFO", "logger": "poi_expansion", "message": "POI Expansion Orchestrator initialized", "module": "logger", "function": "info", "line": 96, "environment": "production"}
{"timestamp": "2025-09-10T19:59:23.795444", "level": "INFO", "logger": "poi_expansion", "message": "Starting system initialization...", "module": "logger", "function": "info", "line": 96}
{"timestamp": "2025-09-10T19:59:23.796445", "level": "INFO", "logger": "poi_expansion", "message": "Current POI data validated: 8 POIs", "module": "logger", "function": "info", "line": 96}
{"timestamp": "2025-09-10T19:59:23.799447", "level": "INFO", "logger": "poi_expansion", "message": "Backup system verified", "module": "logger", "function": "info", "line": 96, "backup_id": "20250910_195923"}
{"timestamp": "2025-09-10T19:59:23.799447", "level": "INFO", "logger": "poi_expansion", "message": "Performance: system_initialization", "module": "logger", "function": "info", "line": 96, "operation": "system_initialization", "duration_ms": 4.002809524536133}
{"timestamp": "2025-09-10T19:59:23.799447", "level": "INFO", "logger": "poi_expansion", "message": "System initialization completed successfully", "module": "logger", "function": "info", "line": 96}
{"timestamp": "2025-09-10T19:59:27.921968", "level": "INFO", "logger": "poi_expansion", "message": "POI Expansion Orchestrator initialized", "module": "logger", "function": "info", "line": 96, "environment": "production"}
{"timestamp": "2025-09-10T19:59:27.921968", "level": "INFO", "logger": "poi_expansion", "message": "Starting system initialization...", "module": "logger", "function": "info", "line": 96}
{"timestamp": "2025-09-10T19:59:27.922970", "level": "INFO", "logger": "poi_expansion", "message": "Current POI data validated: 8 POIs", "module": "logger", "function": "info", "line": 96}
{"timestamp": "2025-09-10T19:59:27.924969", "level": "INFO", "logger": "poi_expansion", "message": "Backup system verified", "module": "logger", "function": "info", "line": 96, "backup_id": "20250910_195927"}
{"timestamp": "2025-09-10T19:59:27.924969", "level": "INFO", "logger": "poi_expansion", "message": "Performance: system_initialization", "module": "logger", "function": "info", "line": 96, "operation": "system_initialization", "duration_ms": 3.0012130737304688}
{"timestamp": "2025-09-10T19:59:27.924969", "level": "INFO", "logger": "poi_expansion", "message": "System initialization completed successfully", "module": "logger", "function": "info", "line": 96}
{"timestamp": "2025-09-10T19:59:27.926972", "level": "INFO", "logger": "poi_expansion", "message": "Backup Event: manual_backup - SUCCESS", "module": "logger", "function": "info", "line": 96, "event_type": "manual_backup", "backup_id": "20250910_195927", "success": true, "description": "Manual backup via CLI"}
{"timestamp": "2025-09-10T19:59:54.876614", "level": "INFO", "logger": "poi_expansion", "message": "POI Expansion Orchestrator initialized", "module": "logger", "function": "info", "line": 96, "environment": "production"}
{"timestamp": "2025-09-10T19:59:54.876614", "level": "INFO", "logger": "poi_expansion", "message": "Starting system initialization...", "module": "logger", "function": "info", "line": 96}
{"timestamp": "2025-09-10T19:59:54.877616", "level": "INFO", "logger": "poi_expansion", "message": "Current POI data validated: 8 POIs", "module": "logger", "function": "info", "line": 96}
{"timestamp": "2025-09-10T19:59:54.880614", "level": "INFO", "logger": "poi_expansion", "message": "Backup system verified", "module": "logger", "function": "info", "line": 96, "backup_id": "20250910_195954"}
{"timestamp": "2025-09-10T19:59:54.880614", "level": "INFO", "logger": "poi_expansion", "message": "Performance: system_initialization", "module": "logger", "function": "info", "line": 96, "operation": "system_initialization", "duration_ms": 4.000186920166016}
{"timestamp": "2025-09-10T19:59:54.880614", "level": "INFO", "logger": "poi_expansion", "message": "System initialization completed successfully", "module": "logger", "function": "info", "line": 96}
{"timestamp": "2025-09-10T19:59:54.882617", "level": "INFO", "logger": "poi_expansion", "message": "Backup Event: manual_backup - SUCCESS", "module": "logger", "function": "info", "line": 96, "event_type": "manual_backup", "backup_id": "20250910_195954", "success": true, "description": "Manual backup via CLI"}
